.next/dev/types/validator.ts(171,31): error TS2344: Type 'typeof import("C:/Users/sarth/OneDrive/Desktop/Expense tarcker/app/api/transactions/[id]/route")' does not satisfy the constraint 'RouteHandlerConfig<"/api/transactions/[id]">'.
  Types of property 'GET' are incompatible.
    Type '(request: Request, { params }: { params: { id: string; }; }) => Promise<NextResponse<{ error: string; }> | NextResponse<{ account: { name: string; id: string; createdAt: Date; updatedAt: Date; type: string; balance: number; currency: string; userId: string; }; category: { ...; }; } & { ...; }>>' is not assignable to type '(request: NextRequest, context: { params: Promise<{ id: string; }>; }) => void | Response | Promise<void | Response>'.
      Types of parameters '__1' and 'context' are incompatible.
        Type '{ params: Promise<{ id: string; }>; }' is not assignable to type '{ params: { id: string; }; }'.
          Types of property 'params' are incompatible.
            Property 'id' is missing in type 'Promise<{ id: string; }>' but required in type '{ id: string; }'.
.next/types/validator.ts(171,31): error TS2344: Type 'typeof import("C:/Users/sarth/OneDrive/Desktop/Expense tarcker/app/api/transactions/[id]/route")' does not satisfy the constraint 'RouteHandlerConfig<"/api/transactions/[id]">'.
  Types of property 'GET' are incompatible.
    Type '(request: Request, { params }: { params: { id: string; }; }) => Promise<NextResponse<{ error: string; }> | NextResponse<{ account: { name: string; id: string; createdAt: Date; updatedAt: Date; type: string; balance: number; currency: string; userId: string; }; category: { ...; }; } & { ...; }>>' is not assignable to type '(request: NextRequest, context: { params: Promise<{ id: string; }>; }) => void | Response | Promise<void | Response>'.
      Types of parameters '__1' and 'context' are incompatible.
        Type '{ params: Promise<{ id: string; }>; }' is not assignable to type '{ params: { id: string; }; }'.
          Types of property 'params' are incompatible.
            Property 'id' is missing in type 'Promise<{ id: string; }>' but required in type '{ id: string; }'.
components/dashboard/ExpenseChart.tsx(41,33): error TS2322: Type 'CategoryData[]' is not assignable to type 'ChartDataInput[]'.
  Type 'CategoryData' is not assignable to type 'ChartDataInput'.
    Index signature for type 'string' is missing in type 'CategoryData'.
